<?xml version="1.0" encoding="UTF-8"?>
<testng-results ignored="0" total="2" passed="2" failed="0" skipped="0">
  <reporter-output>
  </reporter-output>
  <suite started-at="2023-08-08T21:00:20 IST" name="Default suite" finished-at="2023-08-08T21:00:46 IST" duration-ms="25405">
    <groups>
    </groups>
    <test started-at="2023-08-08T21:00:20 IST" name="Default test" finished-at="2023-08-08T21:00:46 IST" duration-ms="25405">
      <class name="com.ict.testcases.Admin_CorporateTC">
        <test-method is-config="true" signature="initialization()[pri:0, instance:com.ict.testcases.Admin_CorporateTC@14cd1699]" started-at="2023-08-08T21:00:20 IST" name="initialization" finished-at="2023-08-08T21:00:27 IST" duration-ms="6249" status="PASS">
          <reporter-output>
          </reporter-output>
        </test-method> <!-- initialization -->
        <test-method is-config="true" signature="admin_login()[pri:0, instance:com.ict.testcases.Admin_CorporateTC@14cd1699]" started-at="2023-08-08T21:00:27 IST" name="admin_login" finished-at="2023-08-08T21:00:28 IST" duration-ms="1342" status="PASS">
          <reporter-output>
          </reporter-output>
        </test-method> <!-- admin_login -->
        <test-method signature="admin_corporate()[pri:1, instance:com.ict.testcases.Admin_CorporateTC@14cd1699]" started-at="2023-08-08T21:00:28 IST" name="admin_corporate" finished-at="2023-08-08T21:00:31 IST" duration-ms="2921" status="PASS">
          <reporter-output>
          </reporter-output>
        </test-method> <!-- admin_corporate -->
        <test-method is-config="true" signature="tearDown()[pri:0, instance:com.ict.testcases.Admin_CorporateTC@14cd1699]" started-at="2023-08-08T21:00:31 IST" name="tearDown" finished-at="2023-08-08T21:00:31 IST" duration-ms="0" status="PASS">
          <reporter-output>
          </reporter-output>
        </test-method> <!-- tearDown -->
        <test-method is-config="true" signature="initialization()[pri:0, instance:com.ict.testcases.Admin_CorporateTC@14cd1699]" started-at="2023-08-08T21:00:31 IST" name="initialization" finished-at="2023-08-08T21:00:36 IST" duration-ms="5227" status="PASS">
          <reporter-output>
          </reporter-output>
        </test-method> <!-- initialization -->
        <test-method is-config="true" signature="admin_login()[pri:0, instance:com.ict.testcases.Admin_CorporateTC@14cd1699]" started-at="2023-08-08T21:00:36 IST" name="admin_login" finished-at="2023-08-08T21:00:37 IST" duration-ms="1032" status="PASS">
          <reporter-output>
          </reporter-output>
        </test-method> <!-- admin_login -->
        <test-method signature="tbl_iterate()[pri:2, instance:com.ict.testcases.Admin_CorporateTC@14cd1699]" started-at="2023-08-08T21:00:37 IST" name="tbl_iterate" finished-at="2023-08-08T21:00:46 IST" duration-ms="8594" status="PASS">
          <reporter-output>
          </reporter-output>
        </test-method> <!-- tbl_iterate -->
        <test-method is-config="true" signature="tearDown()[pri:0, instance:com.ict.testcases.Admin_CorporateTC@14cd1699]" started-at="2023-08-08T21:00:46 IST" name="tearDown" finished-at="2023-08-08T21:00:46 IST" duration-ms="0" status="PASS">
          <reporter-output>
          </reporter-output>
        </test-method> <!-- tearDown -->
      </class> <!-- com.ict.testcases.Admin_CorporateTC -->
    </test> <!-- Default test -->
  </suite> <!-- Default suite -->
</testng-results>
